# JRE version: OpenJDK Runtime Environment (8.0_76-b03) (build 1.8.0_76-release-b03)
# Java VM: OpenJDK 64-Bit Server VM (25.76-b03 mixed mode windows-amd64 compressed oops)
Heap:
 PSYoungGen      total 73728K, used 22450K [0x00000000e0000000, 0x00000000e5000000, 0x0000000100000000)
  eden space 65536K, 22% used [0x00000000e0000000,0x00000000e0ea8d08,0x00000000e4000000)
  from space 8192K, 90% used [0x00000000e4000000,0x00000000e4743ed8,0x00000000e4800000)
  to   space 7680K, 0% used [0x00000000e4880000,0x00000000e4880000,0x00000000e5000000)
 ParOldGen       total 44032K, used 11406K [0x00000000a0000000, 0x00000000a2b00000, 0x00000000e0000000)
  object space 44032K, 25% used [0x00000000a0000000,0x00000000a0b23960,0x00000000a2b00000)
 Metaspace       used 27248K, capacity 27692K, committed 28032K, reserved 1073152K
  class space    used 3765K, capacity 3930K, committed 3968K, reserved 1048576K
GC Heap History (10 events):
Event: 1.752 GC heap before
{Heap before GC invocations=4 (full 0):
 PSYoungGen      total 18944K, used 18912K [0x00000000e0000000, 0x00000000e2500000, 0x0000000100000000)
  eden space 16384K, 100% used [0x00000000e0000000,0x00000000e1000000,0x00000000e1000000)
  from space 2560K, 98% used [0x00000000e1000000,0x00000000e1278040,0x00000000e1280000)
  to   space 2560K, 0% used [0x00000000e2280000,0x00000000e2280000,0x00000000e2500000)
 ParOldGen       total 44032K, used 2127K [0x00000000a0000000, 0x00000000a2b00000, 0x00000000e0000000)
  object space 44032K, 4% used [0x00000000a0000000,0x00000000a0213cf8,0x00000000a2b00000)
 Metaspace       used 12726K, capacity 13038K, committed 13184K, reserved 1060864K
  class space    used 1708K, capacity 1813K, committed 1920K, reserved 1048576K
Event: 1.758 GC heap after
Heap after GC invocations=4 (full 0):
 PSYoungGen      total 35328K, used 2544K [0x00000000e0000000, 0x00000000e2500000, 0x0000000100000000)
  eden space 32768K, 0% used [0x00000000e0000000,0x00000000e0000000,0x00000000e2000000)
  from space 2560K, 99% used [0x00000000e2280000,0x00000000e24fc010,0x00000000e2500000)
  to   space 2560K, 0% used [0x00000000e2000000,0x00000000e2000000,0x00000000e2280000)
 ParOldGen       total 44032K, used 4102K [0x00000000a0000000, 0x00000000a2b00000, 0x00000000e0000000)
  object space 44032K, 9% used [0x00000000a0000000,0x00000000a0401ba8,0x00000000a2b00000)
 Metaspace       used 12726K, capacity 13038K, committed 13184K, reserved 1060864K
  class space    used 1708K, capacity 1813K, committed 1920K, reserved 1048576K
}
Event: 2.471 GC heap before
{Heap before GC invocations=5 (full 0):
 PSYoungGen      total 35328K, used 35312K [0x00000000e0000000, 0x00000000e2500000, 0x0000000100000000)
  eden space 32768K, 100% used [0x00000000e0000000,0x00000000e2000000,0x00000000e2000000)
  from space 2560K, 99% used [0x00000000e2280000,0x00000000e24fc010,0x00000000e2500000)
  to   space 2560K, 0% used [0x00000000e2000000,0x00000000e2000000,0x00000000e2280000)
 ParOldGen       total 44032K, used 4102K [0x00000000a0000000, 0x00000000a2b00000, 0x00000000e0000000)
  object space 44032K, 9% used [0x00000000a0000000,0x00000000a0401ba8,0x00000000a2b00000)
 Metaspace       used 18615K, capacity 18956K, committed 19328K, reserved 1067008K
  class space    used 2484K, capacity 2587K, committed 2688K, reserved 1048576K
Event: 2.490 GC heap after
Heap after GC invocations=5 (full 0):
 PSYoungGen      total 35328K, used 2544K [0x00000000e0000000, 0x00000000e5100000, 0x0000000100000000)
  eden space 32768K, 0% used [0x00000000e0000000,0x00000000e0000000,0x00000000e2000000)
  from space 2560K, 99% used [0x00000000e2000000,0x00000000e227c010,0x00000000e2280000)
  to   space 8704K, 0% used [0x00000000e4880000,0x00000000e4880000,0x00000000e5100000)
 ParOldGen       total 44032K, used 10126K [0x00000000a0000000, 0x00000000a2b00000, 0x00000000e0000000)
  object space 44032K, 22% used [0x00000000a0000000,0x00000000a09e3820,0x00000000a2b00000)
 Metaspace       used 18615K, capacity 18956K, committed 19328K, reserved 1067008K
  class space    used 2484K, capacity 2587K, committed 2688K, reserved 1048576K
}
Event: 2.912 GC heap before
{Heap before GC invocations=6 (full 0):
 PSYoungGen      total 35328K, used 23574K [0x00000000e0000000, 0x00000000e5100000, 0x0000000100000000)
  eden space 32768K, 64% used [0x00000000e0000000,0x00000000e14898e0,0x00000000e2000000)
  from space 2560K, 99% used [0x00000000e2000000,0x00000000e227c010,0x00000000e2280000)
  to   space 8704K, 0% used [0x00000000e4880000,0x00000000e4880000,0x00000000e5100000)
 ParOldGen       total 44032K, used 10126K [0x00000000a0000000, 0x00000000a2b00000, 0x00000000e0000000)
  object space 44032K, 22% used [0x00000000a0000000,0x00000000a09e3820,0x00000000a2b00000)
 Metaspace       used 20737K, capacity 21110K, committed 21296K, reserved 1067008K
  class space    used 2711K, capacity 2852K, committed 2944K, reserved 1048576K
Event: 2.927 GC heap after
Heap after GC invocations=6 (full 0):
 PSYoungGen      total 73216K, used 5079K [0x00000000e0000000, 0x00000000e5000000, 0x0000000100000000)
  eden space 65536K, 0% used [0x00000000e0000000,0x00000000e0000000,0x00000000e4000000)
  from space 7680K, 66% used [0x00000000e4880000,0x00000000e4d75dd8,0x00000000e5000000)
  to   space 8192K, 0% used [0x00000000e4000000,0x00000000e4000000,0x00000000e4800000)
 ParOldGen       total 44032K, used 10126K [0x00000000a0000000, 0x00000000a2b00000, 0x00000000e0000000)
  object space 44032K, 22% used [0x00000000a0000000,0x00000000a09e3820,0x00000000a2b00000)
 Metaspace       used 20737K, capacity 21110K, committed 21296K, reserved 1067008K
  class space    used 2711K, capacity 2852K, committed 2944K, reserved 1048576K
}
Event: 2.927 GC heap before
{Heap before GC invocations=7 (full 1):
 PSYoungGen      total 73216K, used 5079K [0x00000000e0000000, 0x00000000e5000000, 0x0000000100000000)
  eden space 65536K, 0% used [0x00000000e0000000,0x00000000e0000000,0x00000000e4000000)
  from space 7680K, 66% used [0x00000000e4880000,0x00000000e4d75dd8,0x00000000e5000000)
  to   space 8192K, 0% used [0x00000000e4000000,0x00000000e4000000,0x00000000e4800000)
 ParOldGen       total 44032K, used 10126K [0x00000000a0000000, 0x00000000a2b00000, 0x00000000e0000000)
  object space 44032K, 22% used [0x00000000a0000000,0x00000000a09e3820,0x00000000a2b00000)
 Metaspace       used 20737K, capacity 21110K, committed 21296K, reserved 1067008K
  class space    used 2711K, capacity 2852K, committed 2944K, reserved 1048576K
Event: 3.045 GC heap after
Heap after GC invocations=7 (full 1):
 PSYoungGen      total 73216K, used 0K [0x00000000e0000000, 0x00000000e5000000, 0x0000000100000000)
  eden space 65536K, 0% used [0x00000000e0000000,0x00000000e0000000,0x00000000e4000000)
  from space 7680K, 0% used [0x00000000e4880000,0x00000000e4880000,0x00000000e5000000)
  to   space 8192K, 0% used [0x00000000e4000000,0x00000000e4000000,0x00000000e4800000)
 ParOldGen       total 44032K, used 11406K [0x00000000a0000000, 0x00000000a2b00000, 0x00000000e0000000)
  object space 44032K, 25% used [0x00000000a0000000,0x00000000a0b23960,0x00000000a2b00000)
 Metaspace       used 20737K, capacity 21110K, committed 21296K, reserved 1067008K
  class space    used 2711K, capacity 2852K, committed 2944K, reserved 1048576K
}
Event: 4.257 GC heap before
{Heap before GC invocations=8 (full 1):
 PSYoungGen      total 73216K, used 65536K [0x00000000e0000000, 0x00000000e5000000, 0x0000000100000000)
  eden space 65536K, 100% used [0x00000000e0000000,0x00000000e4000000,0x00000000e4000000)
  from space 7680K, 0% used [0x00000000e4880000,0x00000000e4880000,0x00000000e5000000)
  to   space 8192K, 0% used [0x00000000e4000000,0x00000000e4000000,0x00000000e4800000)
 ParOldGen       total 44032K, used 11406K [0x00000000a0000000, 0x00000000a2b00000, 0x00000000e0000000)
  object space 44032K, 25% used [0x00000000a0000000,0x00000000a0b23960,0x00000000a2b00000)
 Metaspace       used 25843K, capacity 26316K, committed 26496K, reserved 1073152K
  class space    used 3555K, capacity 3706K, committed 3712K, reserved 1048576K
Event: 4.270 GC heap after
Heap after GC invocations=8 (full 1):
 PSYoungGen      total 73728K, used 7439K [0x00000000e0000000, 0x00000000e5000000, 0x0000000100000000)
  eden space 65536K, 0% used [0x00000000e0000000,0x00000000e0000000,0x00000000e4000000)
  from space 8192K, 90% used [0x00000000e4000000,0x00000000e4743ed8,0x00000000e4800000)
  to   space 7680K, 0% used [0x00000000e4880000,0x00000000e4880000,0x00000000e5000000)
 ParOldGen       total 44032K, used 11406K [0x00000000a0000000, 0x00000000a2b00000, 0x00000000e0000000)
  object space 44032K, 25% used [0x00000000a0000000,0x00000000a0b23960,0x00000000a2b00000)
 Metaspace       used 25843K, capacity 26316K, committed 26496K, reserved 1073152K
  class space    used 3555K, capacity 3706K, committed 3712K, reserved 1048576K
}

